2022-07-19 11:15:01,088 - __main__ - INFO - Token value: Token not available!
2022-07-19 11:15:01,760 - __main__ - INFO - Weather in Berlin: 30.32
2022-07-19 10:09:58,525 - __main__ - INFO - Token value: 1234
2022-07-19 10:09:58,949 - __main__ - INFO - Weather in Berlin: 32.56
2022-07-19 12:17:50,405 - __main__ - INFO - Token value: 1234
2022-07-19 12:17:50,875 - __main__ - INFO - Weather in Berlin: 33.66
2022-07-19 14:09:00,868 - __main__ - INFO - Token value: 1234
2022-07-19 14:09:01,435 - __main__ - INFO - Weather in Berlin: 34.86
2022-07-19 16:12:16,906 - __main__ - INFO - Token value: 1234
2022-07-19 16:12:17,306 - __main__ - INFO - Weather in Berlin: 34.28
2022-07-19 18:10:53,682 - __main__ - INFO - Token value: 1234
2022-07-19 18:10:53,844 - __main__ - INFO - Weather in Berlin: 31.9
2022-07-19 20:09:35,027 - __main__ - INFO - Token value: 1234
2022-07-19 20:09:35,139 - __main__ - INFO - Weather in Berlin: 27.52
2022-07-19 22:09:04,334 - __main__ - INFO - Token value: 1234
2022-07-19 22:09:04,912 - __main__ - INFO - Weather in Berlin: 25.4
2022-07-20 00:46:12,649 - __main__ - INFO - Token value: 1234
2022-07-20 00:46:13,296 - __main__ - INFO - Weather in Berlin: 24.18
2022-07-20 03:36:18,748 - __main__ - INFO - Token value: 1234
2022-07-20 03:36:18,916 - __main__ - INFO - Weather in Berlin: 22.12
2022-07-20 04:30:43,477 - __main__ - INFO - Token value: 1234
2022-07-20 04:30:43,776 - __main__ - INFO - Weather in Berlin: 21.64
2022-07-20 06:11:40,340 - __main__ - INFO - Token value: 1234
2022-07-20 06:11:41,194 - __main__ - INFO - Weather in Berlin: 24.95
2022-07-20 08:12:25,109 - __main__ - INFO - Token value: 1234
2022-07-20 08:12:25,397 - __main__ - INFO - Weather in Berlin: 30.85
2022-07-20 10:09:27,874 - __main__ - INFO - Token value: 1234
2022-07-20 10:09:28,041 - __main__ - INFO - Weather in Berlin: 35.42
2022-07-20 12:16:14,801 - __main__ - INFO - Token value: 1234
2022-07-20 12:16:15,447 - __main__ - INFO - Weather in Berlin: 36.64
2022-07-20 14:10:42,143 - __main__ - INFO - Token value: 1234
2022-07-20 14:10:42,285 - __main__ - INFO - Weather in Berlin: 37.34
2022-07-20 16:11:32,101 - __main__ - INFO - Token value: 1234
2022-07-20 16:11:32,270 - __main__ - INFO - Weather in Berlin: 36.32
2022-07-20 18:11:08,871 - __main__ - INFO - Token value: 1234
2022-07-20 18:11:09,450 - __main__ - INFO - Weather in Berlin: 35.75
2022-07-20 20:10:07,208 - __main__ - INFO - Token value: 1234
2022-07-20 20:10:07,807 - __main__ - INFO - Weather in Berlin: 29.16
2022-07-20 22:08:32,880 - __main__ - INFO - Token value: 1234
2022-07-20 22:08:33,309 - __main__ - INFO - Weather in Berlin: 27.72
2022-07-21 00:51:04,670 - __main__ - INFO - Token value: 1234
2022-07-21 00:51:04,945 - __main__ - INFO - Weather in Berlin: 25.62
2022-07-21 03:32:21,183 - __main__ - INFO - Token value: 1234
2022-07-21 03:32:21,622 - __main__ - INFO - Weather in Berlin: 24.17
2022-07-21 04:33:49,059 - __main__ - INFO - Token value: 1234
2022-07-21 04:33:49,712 - __main__ - INFO - Weather in Berlin: 23.8
2022-07-21 06:11:40,676 - __main__ - INFO - Token value: 1234
2022-07-21 06:11:41,078 - __main__ - INFO - Weather in Berlin: 24.1
2022-07-21 08:11:51,774 - __main__ - INFO - Token value: 1234
2022-07-21 08:11:51,925 - __main__ - INFO - Weather in Berlin: 26.61
2022-07-21 10:10:48,231 - __main__ - INFO - Token value: 1234
2022-07-21 10:10:48,658 - __main__ - INFO - Weather in Berlin: 29.39
2022-07-21 12:16:51,452 - __main__ - INFO - Token value: 1234
2022-07-21 12:16:52,210 - __main__ - INFO - Weather in Berlin: 29.02
2022-07-21 14:10:13,059 - __main__ - INFO - Token value: 1234
2022-07-21 14:10:13,760 - __main__ - INFO - Weather in Berlin: 24.62
2022-07-21 16:11:48,481 - __main__ - INFO - Token value: 1234
2022-07-21 16:11:49,254 - __main__ - INFO - Weather in Berlin: 24.51
2022-07-21 18:11:19,590 - __main__ - INFO - Token value: 1234
2022-07-21 18:11:19,965 - __main__ - INFO - Weather in Berlin: 25.79
2022-07-21 20:10:30,244 - __main__ - INFO - Token value: 1234
2022-07-21 20:10:30,328 - __main__ - INFO - Weather in Berlin: 22.77
2022-07-25 00:44:39,700 - __main__ - INFO - Token value: 1234
2022-07-25 00:44:40,082 - __main__ - INFO - Weather in Berlin: 19.9
2022-08-01 00:54:12,206 - __main__ - INFO - Token value: 1234
2022-08-01 00:54:12,694 - __main__ - INFO - Weather in Berlin: 20.23
2022-08-08 00:40:42,506 - __main__ - INFO - Token value: 1234
2022-08-08 00:40:42,610 - __main__ - INFO - Weather in Berlin: 16.92
2022-08-15 00:44:48,218 - __main__ - INFO - Token value: 1234
2022-08-15 00:44:48,828 - __main__ - INFO - Weather in Berlin: 22.05
2022-08-22 00:46:22,483 - __main__ - INFO - Token value: 1234
2022-08-22 00:46:22,604 - __main__ - INFO - Weather in Berlin: 16.54
2022-08-29 00:51:03,885 - __main__ - INFO - Token value: 1234
2022-08-29 00:51:04,463 - __main__ - INFO - Weather in Berlin: 13.61
2022-09-05 00:54:44,539 - __main__ - INFO - Token value: 1234
2022-09-05 00:54:45,065 - __main__ - INFO - Weather in Berlin: 15.8
2022-09-12 00:48:56,255 - __main__ - INFO - Token value: 1234
2022-09-12 00:48:56,362 - __main__ - INFO - Weather in Berlin: 12.68
2022-09-19 00:51:28,986 - __main__ - INFO - Token value: 1234
2022-09-19 00:51:29,073 - __main__ - INFO - Weather in Berlin: 8.79
2022-09-26 00:54:36,285 - __main__ - INFO - Token value: 1234
2022-09-26 00:54:36,670 - __main__ - INFO - Weather in Berlin: 11.75
2022-10-03 00:53:53,511 - __main__ - INFO - Token value: 1234
2022-10-03 00:53:54,115 - __main__ - INFO - Weather in Berlin: 11.07
2022-10-10 00:59:22,592 - __main__ - INFO - Token value: 1234
2022-10-10 00:59:22,684 - __main__ - INFO - Weather in Berlin: 7.73
2022-10-17 01:03:34,041 - __main__ - INFO - Token value: 1234
2022-10-17 01:03:34,808 - __main__ - INFO - Weather in Berlin: 13.02
2022-10-24 01:05:23,964 - __main__ - INFO - Token value: 1234
2022-10-24 01:05:24,197 - __main__ - INFO - Weather in Berlin: 13.27
2022-10-31 00:56:50,347 - __main__ - INFO - Token value: 1234
2022-10-31 00:56:50,781 - __main__ - INFO - Weather in Berlin: 13.45
2022-11-07 00:46:30,914 - __main__ - INFO - Token value: 1234
2022-11-07 00:46:31,482 - __main__ - INFO - Weather in Berlin: 6.9
2022-11-14 00:42:53,014 - __main__ - INFO - Token value: 1234
2022-11-14 00:42:53,136 - __main__ - INFO - Weather in Berlin: 6.58
2022-11-21 00:44:54,383 - __main__ - INFO - Token value: 1234
2022-11-21 00:44:54,891 - __main__ - INFO - Weather in Berlin: -1.89
2022-11-28 00:38:10,868 - __main__ - INFO - Token value: 1234
2022-11-28 00:38:10,962 - __main__ - INFO - Weather in Berlin: 4.03
2022-12-05 00:37:36,747 - __main__ - INFO - Token value: 1234
2022-12-05 00:37:37,346 - __main__ - INFO - Weather in Berlin: 2.48
2022-12-12 00:40:48,194 - __main__ - INFO - Token value: 1234
2022-12-12 00:40:48,347 - __main__ - INFO - Weather in Berlin: -1.51
2022-12-19 00:34:22,668 - __main__ - INFO - Token value: 1234
2022-12-19 00:34:23,349 - __main__ - INFO - Weather in Berlin: -4.73
2022-12-26 00:37:57,455 - __main__ - INFO - Token value: 1234
2022-12-26 00:37:58,555 - __main__ - INFO - Weather in Berlin: 8.58
2023-01-02 00:37:45,571 - __main__ - INFO - Token value: 1234
2023-01-02 00:37:46,198 - __main__ - INFO - Weather in Berlin: 11.86
2023-01-09 00:37:48,669 - __main__ - INFO - Token value: 1234
2023-01-09 00:37:49,006 - __main__ - INFO - Weather in Berlin: 5.01
2023-01-16 00:38:39,973 - __main__ - INFO - Token value: 1234
2023-01-16 00:38:40,358 - __main__ - INFO - Weather in Berlin: 4.9
2023-01-23 00:37:11,897 - __main__ - INFO - Token value: 1234
2023-01-23 00:37:12,431 - __main__ - INFO - Weather in Berlin: 1.65
2023-01-30 00:35:30,776 - __main__ - INFO - Token value: 1234
2023-01-30 00:35:31,351 - __main__ - INFO - Weather in Berlin: 1.63
2023-02-06 00:37:40,919 - __main__ - INFO - Token value: 1234
2023-02-06 00:37:41,397 - __main__ - INFO - Weather in Berlin: -2.01
2023-02-13 00:41:55,645 - __main__ - INFO - Token value: 1234
2023-02-13 00:41:56,334 - __main__ - INFO - Weather in Berlin: 7.16
2023-02-20 00:42:40,136 - __main__ - INFO - Token value: 1234
2023-02-20 00:42:40,714 - __main__ - INFO - Weather in Berlin: 2.39
2023-02-27 00:41:12,914 - __main__ - INFO - Token value: 1234
2023-02-27 00:41:13,506 - __main__ - INFO - Weather in Berlin: -1.34
2023-03-06 00:41:41,381 - __main__ - INFO - Token value: 1234
2023-03-06 00:41:41,518 - __main__ - INFO - Weather in Berlin: 0.94
2023-03-13 00:39:58,538 - __main__ - INFO - Token value: 1234
2023-03-13 00:39:58,984 - __main__ - INFO - Weather in Berlin: 5.94
2023-03-20 00:40:52,346 - __main__ - INFO - Token value: 1234
2023-03-20 00:40:52,864 - __main__ - INFO - Weather in Berlin: 10.36
2023-03-27 00:37:03,135 - __main__ - INFO - Token value: 1234
2023-03-27 00:37:03,579 - __main__ - INFO - Weather in Berlin: 4.49
2023-04-03 00:37:03,535 - __main__ - INFO - Token value: 1234
2023-04-03 00:37:03,887 - __main__ - INFO - Weather in Berlin: 1.06
2023-04-10 00:36:03,126 - __main__ - INFO - Token value: 1234
2023-04-10 00:36:03,601 - __main__ - INFO - Weather in Berlin: 6.65
2023-04-17 00:38:11,628 - __main__ - INFO - Token value: 1234
2023-04-17 00:38:11,958 - __main__ - INFO - Weather in Berlin: 7.47
2023-04-24 00:37:25,968 - __main__ - INFO - Token value: 1234
2023-04-24 00:37:26,548 - __main__ - INFO - Weather in Berlin: 11.24
2023-05-01 00:38:28,593 - __main__ - INFO - Token value: 1234
2023-05-01 00:38:29,237 - __main__ - INFO - Weather in Berlin: 4.74
2023-05-08 00:35:59,553 - __main__ - INFO - Token value: 1234
2023-05-08 00:36:00,012 - __main__ - INFO - Weather in Berlin: 8.12
2023-05-15 00:37:43,779 - __main__ - INFO - Token value: 1234
2023-05-15 00:37:44,323 - __main__ - INFO - Weather in Berlin: 13.01
2023-05-22 00:38:44,183 - __main__ - INFO - Token value: 1234
2023-05-22 00:38:44,825 - __main__ - INFO - Weather in Berlin: 18.93
2023-05-29 00:38:32,685 - __main__ - INFO - Token value: 1234
2023-05-29 00:38:33,317 - __main__ - INFO - Weather in Berlin: 13.49
2023-06-05 00:42:16,214 - __main__ - INFO - Token value: 1234
2023-06-05 00:42:16,354 - __main__ - INFO - Weather in Berlin: 12.54
2023-06-12 00:44:40,761 - __main__ - INFO - Token value: 1234
2023-06-12 00:44:41,287 - __main__ - INFO - Weather in Berlin: 17.95
2023-06-19 00:41:31,896 - __main__ - INFO - Token value: 1234
2023-06-19 00:41:32,077 - __main__ - INFO - Weather in Berlin: 17.46
2023-06-26 00:48:35,778 - __main__ - INFO - Token value: 1234
2023-06-26 00:48:35,965 - __main__ - INFO - Weather in Berlin: 19.96
2023-07-03 00:47:50,515 - __main__ - INFO - Token value: 1234
2023-07-03 00:47:51,503 - __main__ - INFO - Weather in Berlin: 14.82
2023-07-10 00:47:49,548 - __main__ - INFO - Token value: 1234
2023-07-10 00:47:50,169 - __main__ - INFO - Weather in Berlin: 21.4
2023-07-17 00:50:57,487 - __main__ - INFO - Token value: 1234
2023-07-17 00:50:58,057 - __main__ - INFO - Weather in Berlin: 17.68
2023-07-24 00:41:28,744 - __main__ - INFO - Token value: 1234
2023-07-24 00:41:29,341 - __main__ - INFO - Weather in Berlin: 19.18
2023-07-31 00:41:40,366 - __main__ - INFO - Token value: 1234
2023-07-31 00:41:40,950 - __main__ - INFO - Weather in Berlin: 15.06
2023-08-07 00:39:33,017 - __main__ - INFO - Token value: 1234
2023-08-07 00:39:33,591 - __main__ - INFO - Weather in Berlin: 14.24
2023-08-14 00:32:09,980 - __main__ - INFO - Token value: 1234
2023-08-14 00:32:10,569 - __main__ - INFO - Weather in Berlin: 19.18
2023-08-21 00:31:40,538 - __main__ - INFO - Token value: 1234
2023-08-21 00:31:41,217 - __main__ - INFO - Weather in Berlin: 20.29
2023-08-28 00:32:45,300 - __main__ - INFO - Token value: 1234
2023-08-28 00:32:45,759 - __main__ - INFO - Weather in Berlin: 15.49
2023-09-04 00:32:51,578 - __main__ - INFO - Token value: 1234
2023-09-04 00:32:51,721 - __main__ - INFO - Weather in Berlin: 13.88
2023-09-11 00:33:02,029 - __main__ - INFO - Token value: 1234
2023-09-11 00:33:02,311 - __main__ - INFO - Weather in Berlin: 19.79
2023-09-18 00:33:08,034 - __main__ - INFO - Token value: 1234
2023-09-18 00:33:08,622 - __main__ - INFO - Weather in Berlin: 18.77
2023-09-25 00:33:31,589 - __main__ - INFO - Token value: 1234
2023-09-25 00:33:32,204 - __main__ - INFO - Weather in Berlin: 11.97
2023-10-02 00:33:45,247 - __main__ - INFO - Token value: 1234
2023-10-02 00:33:45,432 - __main__ - INFO - Weather in Berlin: 16.15
2023-10-09 00:33:46,073 - __main__ - INFO - Token value: 1234
2023-10-09 00:33:46,678 - __main__ - INFO - Weather in Berlin: 10.35
2023-10-16 00:34:12,581 - __main__ - INFO - Token value: 1234
2023-10-16 00:34:13,068 - __main__ - INFO - Weather in Berlin: 6.05
2023-10-23 00:33:38,346 - __main__ - INFO - Token value: 1234
2023-10-23 00:33:38,481 - __main__ - INFO - Weather in Berlin: 11.05
2023-10-30 00:34:04,551 - __main__ - INFO - Token value: 1234
2023-10-30 00:34:05,043 - __main__ - INFO - Weather in Berlin: 12.19
2023-11-06 00:34:49,810 - __main__ - INFO - Token value: 1234
2023-11-06 00:34:50,132 - __main__ - INFO - Weather in Berlin: 10.48
2023-11-13 00:35:20,583 - __main__ - INFO - Token value: 1234
2023-11-13 00:35:21,202 - __main__ - INFO - Weather in Berlin: 6.07
2023-11-20 00:36:06,535 - __main__ - INFO - Token value: 1234
2023-11-20 00:36:06,644 - __main__ - INFO - Weather in Berlin: 9.7
2023-11-27 00:35:44,273 - __main__ - INFO - Token value: 1234
2023-11-27 00:35:44,752 - __main__ - INFO - Weather in Berlin: -0.91
2023-12-04 00:36:12,963 - __main__ - INFO - Token value: 1234
2023-12-04 00:36:13,413 - __main__ - INFO - Weather in Berlin: -5.01
2023-12-11 00:36:36,877 - __main__ - INFO - Token value: 1234
2023-12-11 00:36:37,345 - __main__ - INFO - Weather in Berlin: 6.43
2023-12-18 00:36:39,535 - __main__ - INFO - Token value: 1234
2023-12-18 00:36:40,637 - __main__ - INFO - Weather in Berlin: 5.87
2023-12-25 00:35:57,463 - __main__ - INFO - Token value: 1234
2023-12-25 00:35:57,814 - __main__ - INFO - Weather in Berlin: 9.67
2024-01-01 00:39:23,702 - __main__ - INFO - Token value: 1234
2024-01-01 00:39:24,163 - __main__ - INFO - Weather in Berlin: 6.02
2024-01-08 00:36:53,575 - __main__ - INFO - Token value: 1234
2024-01-08 00:36:54,117 - __main__ - INFO - Weather in Berlin: -6.67
2024-01-15 00:37:53,460 - __main__ - INFO - Token value: 1234
2024-01-15 00:37:54,171 - __main__ - INFO - Weather in Berlin: 2.04
2024-01-22 00:38:04,182 - __main__ - INFO - Token value: 1234
2024-01-22 00:38:04,935 - __main__ - INFO - Weather in Berlin: 2.86
2024-01-29 00:34:00,850 - __main__ - INFO - Token value: 1234
2024-01-29 00:34:01,071 - __main__ - INFO - Weather in Berlin: 1.69
2024-02-05 00:35:06,109 - __main__ - INFO - Token value: 1234
2024-02-12 00:34:33,688 - __main__ - INFO - Token value: 1234
2024-02-19 00:34:58,887 - __main__ - INFO - Token value: 1234
2024-02-26 00:35:09,233 - __main__ - INFO - Token value: 1234
2024-03-04 00:34:25,560 - __main__ - INFO - Token value: 1234
2024-03-11 00:35:08,395 - __main__ - INFO - Token value: 1234
2024-03-18 00:35:06,524 - __main__ - INFO - Token value: 1234
2024-03-25 00:35:30,409 - __main__ - INFO - Token value: 1234
2024-04-01 00:38:07,362 - __main__ - INFO - Token value: 1234
2024-04-08 00:35:54,186 - __main__ - INFO - Token value: 1234
2024-04-15 03:04:08,840 - __main__ - INFO - Token value: 1234
2024-04-22 00:36:28,016 - __main__ - INFO - Token value: 1234
2024-04-29 00:36:00,211 - __main__ - INFO - Token value: 1234
2024-05-06 00:36:33,374 - __main__ - INFO - Token value: 1234
2024-05-13 00:37:20,778 - __main__ - INFO - Token value: 1234
2024-05-20 00:37:12,884 - __main__ - INFO - Token value: 1234
2024-05-27 00:37:48,048 - __main__ - INFO - Token value: 1234
2024-06-03 00:38:07,159 - __main__ - INFO - Token value: 1234
2024-06-10 00:39:11,953 - __main__ - INFO - Token value: 1234
2024-06-17 00:39:35,708 - __main__ - INFO - Token value: 1234
2024-06-24 00:39:42,774 - __main__ - INFO - Token value: 1234
2024-07-01 00:43:42,399 - __main__ - INFO - Token value: 1234
2024-07-08 00:40:10,931 - __main__ - INFO - Token value: 1234
2024-07-15 00:40:40,166 - __main__ - INFO - Token value: 1234
2024-07-22 00:41:01,877 - __main__ - INFO - Token value: 1234
2024-07-29 00:41:08,640 - __main__ - INFO - Token value: 1234
2024-08-05 00:41:30,205 - __main__ - INFO - Token value: 1234
2024-08-12 00:41:53,777 - __main__ - INFO - Token value: 1234
2024-08-19 00:41:08,919 - __main__ - INFO - Token value: 1234
2024-08-26 00:41:09,438 - __main__ - INFO - Token value: 1234
2024-09-02 00:43:32,364 - __main__ - INFO - Token value: 1234
2024-09-09 00:44:33,435 - __main__ - INFO - Token value: 1234
2024-09-16 00:46:12,591 - __main__ - INFO - Token value: 1234
2024-09-23 00:45:45,251 - __main__ - INFO - Token value: 1234
2024-09-30 00:47:22,120 - __main__ - INFO - Token value: 1234
2024-10-07 00:47:15,042 - __main__ - INFO - Token value: 1234
2024-10-14 00:47:27,568 - __main__ - INFO - Token value: 1234
2024-10-21 00:47:53,211 - __main__ - INFO - Token value: 1234
2024-10-28 00:49:00,731 - __main__ - INFO - Token value: 1234
2024-11-04 00:47:55,869 - __main__ - INFO - Token value: 1234
2024-11-11 00:46:21,824 - __main__ - INFO - Token value: 1234
2024-11-18 00:50:57,659 - __main__ - INFO - Token value: 1234
2024-11-25 00:50:45,093 - __main__ - INFO - Token value: 1234
2024-12-02 00:52:29,507 - __main__ - INFO - Token value: 1234
2024-12-09 00:53:58,604 - __main__ - INFO - Token value: 1234
2024-12-16 00:53:20,485 - __main__ - INFO - Token value: 1234
2024-12-23 00:48:01,229 - __main__ - INFO - Token value: 1234
2024-12-30 00:48:22,277 - __main__ - INFO - Token value: 1234
2025-01-06 00:49:22,409 - __main__ - INFO - Token value: 1234
2025-01-13 00:50:32,843 - __main__ - INFO - Token value: 1234
2025-01-20 00:46:04,526 - __main__ - INFO - Token value: 1234
2025-01-27 00:46:27,749 - __main__ - INFO - Token value: 1234
2025-02-03 00:46:31,926 - __main__ - INFO - Token value: 1234
2025-02-10 00:47:24,980 - __main__ - INFO - Token value: 1234
2025-02-17 00:49:24,294 - __main__ - INFO - Token value: 1234
2025-02-24 00:49:09,856 - __main__ - INFO - Token value: 1234
2025-03-03 00:50:25,449 - __main__ - INFO - Token value: 1234
2025-03-10 00:40:43,273 - __main__ - INFO - Token value: 1234
2025-03-17 00:51:39,016 - __main__ - INFO - Token value: 1234
2025-03-24 00:52:06,841 - __main__ - INFO - Token value: 1234
2025-03-31 00:53:50,974 - __main__ - INFO - Token value: 1234
2025-04-07 00:53:02,003 - __main__ - INFO - Token value: 1234
2025-04-14 00:54:30,421 - __main__ - INFO - Token value: 1234
2025-04-13 21:34:44,361 - __main__ - INFO - Token value: Token not available!
2025-04-13 21:37:48,926 - __main__ - INFO - Token value: Token not available!
2025-04-13 21:37:49,633 - __main__ - INFO - Weather in Berlin: 6.11
2025-04-14 03:09:10,213 - __main__ - INFO - Token value: 
2025-04-14 03:09:10,552 - __main__ - INFO - Weather in Berlin: 5.85
2025-04-14 04:27:02,802 - __main__ - INFO - Token value: 
2025-04-14 04:27:03,728 - __main__ - INFO - Weather in Berlin: 6.01
2025-04-14 06:33:52,840 - __main__ - INFO - Token value: 
2025-04-14 06:33:52,988 - __main__ - INFO - Weather in Berlin: 3.79
2025-04-14 08:31:11,424 - __main__ - INFO - Token value: 
2025-04-14 08:31:12,707 - __main__ - INFO - Weather in Berlin: 2.79
2025-04-14 10:26:01,784 - __main__ - INFO - Token value: 
2025-04-14 10:26:02,093 - __main__ - INFO - Weather in Berlin: 2.55
2025-04-14 12:47:07,401 - __main__ - INFO - Token value: 
2025-04-14 12:47:07,591 - __main__ - INFO - Weather in Berlin: 9.08
2025-04-14 14:23:29,514 - __main__ - INFO - Token value: 
2025-04-14 14:23:29,683 - __main__ - INFO - Weather in Berlin: 12.64
2025-04-14 16:28:49,941 - __main__ - INFO - Token value: 
2025-04-14 16:28:50,242 - __main__ - INFO - Weather in Berlin: 16.29
2025-04-14 18:31:45,365 - __main__ - INFO - Token value: 
2025-04-14 18:31:45,772 - __main__ - INFO - Weather in Berlin: 18.8
2025-04-14 20:25:15,638 - __main__ - INFO - Token value: 
2025-04-14 20:25:16,103 - __main__ - INFO - Weather in Berlin: 19.38
2025-04-14 22:21:21,272 - __main__ - INFO - Token value: 
2025-04-14 22:21:22,369 - __main__ - INFO - Weather in Berlin: 17.17
2025-04-15 01:52:15,350 - __main__ - INFO - Token value: 
2025-04-15 01:52:16,650 - __main__ - INFO - Weather in Berlin: 10.29
2025-04-15 03:07:14,548 - __main__ - INFO - Token value: 
2025-04-15 03:07:14,899 - __main__ - INFO - Weather in Berlin: 10.65
2025-04-15 04:27:14,377 - __main__ - INFO - Token value: 
2025-04-15 04:27:15,232 - __main__ - INFO - Weather in Berlin: 12.69
2025-04-15 06:32:19,521 - __main__ - INFO - Token value: 
2025-04-15 06:32:19,658 - __main__ - INFO - Weather in Berlin: 12.34
2025-04-15 08:31:10,014 - __main__ - INFO - Token value: 
2025-04-15 08:31:10,310 - __main__ - INFO - Weather in Berlin: 11.32
2025-04-15 10:25:10,971 - __main__ - INFO - Token value: 
2025-04-15 10:25:11,722 - __main__ - INFO - Weather in Berlin: 10.67
2025-04-15 12:46:37,351 - __main__ - INFO - Token value: 
2025-04-15 12:46:37,685 - __main__ - INFO - Weather in Berlin: 10.84
2025-04-15 14:23:10,148 - __main__ - INFO - Token value: 
2025-04-15 14:23:10,481 - __main__ - INFO - Weather in Berlin: 12.93
2025-04-15 16:27:38,765 - __main__ - INFO - Token value: 
2025-04-15 16:27:39,506 - __main__ - INFO - Weather in Berlin: 16.08
2025-04-15 18:29:56,561 - __main__ - INFO - Token value: 
2025-04-15 18:29:56,854 - __main__ - INFO - Weather in Berlin: 17.29
2025-04-15 20:25:04,609 - __main__ - INFO - Token value: 
2025-04-15 20:25:04,889 - __main__ - INFO - Weather in Berlin: 19.09
2025-04-15 22:21:57,462 - __main__ - INFO - Token value: 
2025-04-15 22:21:58,182 - __main__ - INFO - Weather in Berlin: 11.83
2025-04-16 01:51:56,446 - __main__ - INFO - Token value: 
2025-04-16 01:51:56,579 - __main__ - INFO - Weather in Berlin: 9.5
2025-04-16 03:06:44,813 - __main__ - INFO - Token value: 
2025-04-16 03:06:45,271 - __main__ - INFO - Weather in Berlin: 9.04
2025-04-16 04:26:57,600 - __main__ - INFO - Token value: 
2025-04-16 04:26:58,345 - __main__ - INFO - Weather in Berlin: 8.67
2025-04-16 06:32:38,144 - __main__ - INFO - Token value: 
2025-04-16 06:32:38,486 - __main__ - INFO - Weather in Berlin: 7.81
2025-04-16 08:31:06,361 - __main__ - INFO - Token value: 
2025-04-16 08:31:07,202 - __main__ - INFO - Weather in Berlin: 5.97
2025-04-16 10:25:47,317 - __main__ - INFO - Token value: 
2025-04-16 10:25:47,851 - __main__ - INFO - Weather in Berlin: 5.01
2025-04-16 12:46:55,007 - __main__ - INFO - Token value: 
2025-04-16 12:46:55,539 - __main__ - INFO - Weather in Berlin: 6.69
2025-04-16 14:22:31,802 - __main__ - INFO - Token value: 
2025-04-16 14:22:32,464 - __main__ - INFO - Weather in Berlin: 7.36
2025-04-16 16:29:31,239 - __main__ - INFO - Token value: 
2025-04-16 16:29:31,675 - __main__ - INFO - Weather in Berlin: 9.1
2025-04-16 18:32:16,334 - __main__ - INFO - Token value: 
2025-04-16 18:32:17,105 - __main__ - INFO - Weather in Berlin: 10.48
2025-04-16 20:25:41,257 - __main__ - INFO - Token value: 
2025-04-16 20:25:42,196 - __main__ - INFO - Weather in Berlin: 10.83
2025-04-16 22:21:38,947 - __main__ - INFO - Token value: 
2025-04-16 22:21:40,222 - __main__ - INFO - Weather in Berlin: 9.35
2025-04-17 01:50:05,868 - __main__ - INFO - Token value: 
2025-04-17 01:50:07,690 - __main__ - INFO - Weather in Berlin: 5.18
2025-04-17 03:05:27,929 - __main__ - INFO - Token value: 
2025-04-17 03:05:28,614 - __main__ - INFO - Weather in Berlin: 4.82
2025-04-17 04:27:00,730 - __main__ - INFO - Token value: 
2025-04-17 04:27:04,876 - __main__ - INFO - Weather in Berlin: 4.66
2025-04-17 06:32:09,413 - __main__ - INFO - Token value: 
2025-04-17 06:32:09,830 - __main__ - INFO - Weather in Berlin: 4.77
2025-04-17 08:29:51,526 - __main__ - INFO - Token value: 
2025-04-17 08:29:52,166 - __main__ - INFO - Weather in Berlin: 4.34
2025-04-17 10:24:38,265 - __main__ - INFO - Token value: 
2025-04-17 10:24:38,437 - __main__ - INFO - Weather in Berlin: 4.16
2025-04-17 12:46:00,360 - __main__ - INFO - Token value: 
2025-04-17 12:46:00,523 - __main__ - INFO - Weather in Berlin: 7.24
2025-04-17 14:21:21,048 - __main__ - INFO - Token value: 
2025-04-17 14:21:21,755 - __main__ - INFO - Weather in Berlin: 10.08
2025-04-17 16:28:32,640 - __main__ - INFO - Token value: 
2025-04-17 16:28:32,986 - __main__ - INFO - Weather in Berlin: 13.13
2025-04-17 18:30:56,168 - __main__ - INFO - Token value: 
2025-04-17 18:30:56,871 - __main__ - INFO - Weather in Berlin: 15.09
2025-04-17 20:24:35,170 - __main__ - INFO - Token value: 
2025-04-17 20:24:36,739 - __main__ - INFO - Weather in Berlin: 15.55
2025-04-17 22:20:55,578 - __main__ - INFO - Token value: 
2025-04-17 22:20:56,006 - __main__ - INFO - Weather in Berlin: 14.83
2025-04-18 01:47:09,704 - __main__ - INFO - Token value: 
2025-04-18 01:47:10,817 - __main__ - INFO - Weather in Berlin: 9.7
2025-04-18 03:02:42,038 - __main__ - INFO - Token value: 
2025-04-18 03:02:42,489 - __main__ - INFO - Weather in Berlin: 7.74
2025-04-18 04:26:29,474 - __main__ - INFO - Token value: 
2025-04-18 04:26:29,796 - __main__ - INFO - Weather in Berlin: 6.07
2025-04-18 06:31:50,477 - __main__ - INFO - Token value: 
2025-04-18 06:31:50,789 - __main__ - INFO - Weather in Berlin: 4.61
2025-04-18 08:28:52,364 - __main__ - INFO - Token value: 
2025-04-18 08:28:53,221 - __main__ - INFO - Weather in Berlin: 3.71
2025-04-18 10:25:16,895 - __main__ - INFO - Token value: 
2025-04-18 10:25:17,556 - __main__ - INFO - Weather in Berlin: 2.94
2025-04-18 12:43:35,654 - __main__ - INFO - Token value: 
2025-04-18 12:43:36,340 - __main__ - INFO - Weather in Berlin: 9.34
2025-04-18 14:20:30,965 - __main__ - INFO - Token value: 
2025-04-18 14:20:31,786 - __main__ - INFO - Weather in Berlin: 13.38
2025-04-18 16:27:12,311 - __main__ - INFO - Token value: 
2025-04-18 16:27:12,760 - __main__ - INFO - Weather in Berlin: 16.9
2025-04-18 18:30:20,084 - __main__ - INFO - Token value: 
2025-04-18 18:30:20,303 - __main__ - INFO - Weather in Berlin: 19.63
2025-04-18 20:23:38,134 - __main__ - INFO - Token value: 
2025-04-18 20:23:38,499 - __main__ - INFO - Weather in Berlin: 19.51
2025-04-18 22:21:31,602 - __main__ - INFO - Token value: 
2025-04-18 22:21:32,132 - __main__ - INFO - Weather in Berlin: 17.39
2025-04-19 01:45:46,084 - __main__ - INFO - Token value: 
2025-04-19 01:45:46,848 - __main__ - INFO - Weather in Berlin: 14.05
2025-04-19 02:58:29,522 - __main__ - INFO - Token value: 
2025-04-19 02:58:29,674 - __main__ - INFO - Weather in Berlin: 14.01
2025-04-19 04:25:56,933 - __main__ - INFO - Token value: 
2025-04-19 04:25:57,619 - __main__ - INFO - Weather in Berlin: 14.08
2025-04-19 06:29:27,897 - __main__ - INFO - Token value: 
2025-04-19 06:29:28,211 - __main__ - INFO - Weather in Berlin: 14.77
2025-04-19 08:26:05,335 - __main__ - INFO - Token value: 
2025-04-19 08:26:06,004 - __main__ - INFO - Weather in Berlin: 14.49
2025-04-19 10:21:34,517 - __main__ - INFO - Token value: 
2025-04-19 10:21:35,011 - __main__ - INFO - Weather in Berlin: 14.1
2025-04-19 12:40:10,702 - __main__ - INFO - Token value: 
2025-04-19 12:40:11,360 - __main__ - INFO - Weather in Berlin: 16.44
2025-04-19 14:18:44,349 - __main__ - INFO - Token value: 
2025-04-19 14:18:44,946 - __main__ - INFO - Weather in Berlin: 20.14
2025-04-19 16:26:59,132 - __main__ - INFO - Token value: 
2025-04-19 16:26:59,472 - __main__ - INFO - Weather in Berlin: 24.33
2025-04-19 18:28:00,258 - __main__ - INFO - Token value: 
2025-04-19 18:28:00,634 - __main__ - INFO - Weather in Berlin: 27.47
2025-04-19 20:22:06,325 - __main__ - INFO - Token value: 
2025-04-19 20:22:07,022 - __main__ - INFO - Weather in Berlin: 28.52
2025-04-19 22:20:07,324 - __main__ - INFO - Token value: 
2025-04-19 22:20:07,856 - __main__ - INFO - Weather in Berlin: 27.14
2025-04-20 01:56:38,674 - __main__ - INFO - Token value: 
2025-04-20 01:56:39,154 - __main__ - INFO - Weather in Berlin: 20.99
2025-04-20 03:11:17,235 - __main__ - INFO - Token value: 
2025-04-20 03:11:18,236 - __main__ - INFO - Weather in Berlin: 21.51
2025-04-20 04:25:30,006 - __main__ - INFO - Token value: 
2025-04-20 04:25:30,295 - __main__ - INFO - Weather in Berlin: 21.22
2025-04-20 06:30:27,618 - __main__ - INFO - Token value: 
2025-04-20 06:30:27,747 - __main__ - INFO - Weather in Berlin: 20.14
2025-04-20 08:25:48,885 - __main__ - INFO - Token value: 
2025-04-20 08:25:49,521 - __main__ - INFO - Weather in Berlin: 18.73
2025-04-20 10:24:20,442 - __main__ - INFO - Token value: 
2025-04-20 10:24:20,972 - __main__ - INFO - Weather in Berlin: 14.92
2025-04-20 12:40:15,495 - __main__ - INFO - Token value: 
2025-04-20 12:40:15,802 - __main__ - INFO - Weather in Berlin: 13.89
2025-04-20 14:19:47,094 - __main__ - INFO - Token value: 
2025-04-20 14:19:47,966 - __main__ - INFO - Weather in Berlin: 14.31
2025-04-20 16:25:23,020 - __main__ - INFO - Token value: 
2025-04-20 16:25:23,924 - __main__ - INFO - Weather in Berlin: 15.32
2025-04-20 18:28:39,515 - __main__ - INFO - Token value: 
2025-04-20 18:28:40,055 - __main__ - INFO - Weather in Berlin: 16.51
2025-04-20 20:23:09,463 - __main__ - INFO - Token value: 
2025-04-20 20:23:10,453 - __main__ - INFO - Weather in Berlin: 17.05
2025-04-20 22:21:59,690 - __main__ - INFO - Token value: 
2025-04-20 22:22:00,336 - __main__ - INFO - Weather in Berlin: 16.06
2025-04-21 01:55:37,003 - __main__ - INFO - Token value: 
2025-04-21 01:55:37,748 - __main__ - INFO - Weather in Berlin: 11.9
2025-04-21 03:12:31,791 - __main__ - INFO - Token value: 
2025-04-21 03:12:32,112 - __main__ - INFO - Weather in Berlin: 10.07
2025-04-21 04:27:45,908 - __main__ - INFO - Token value: 
2025-04-21 04:27:46,079 - __main__ - INFO - Weather in Berlin: 9.18
2025-04-21 06:32:40,535 - __main__ - INFO - Token value: 
2025-04-21 06:32:40,853 - __main__ - INFO - Weather in Berlin: 7.12
2025-04-21 08:31:04,603 - __main__ - INFO - Token value: 
2025-04-21 08:31:05,405 - __main__ - INFO - Weather in Berlin: 5.07
2025-04-21 10:24:52,968 - __main__ - INFO - Token value: 
2025-04-21 10:24:53,267 - __main__ - INFO - Weather in Berlin: 3.56
2025-04-21 12:45:01,160 - __main__ - INFO - Token value: 
2025-04-21 12:45:01,856 - __main__ - INFO - Weather in Berlin: 9.22
2025-04-21 14:21:11,391 - __main__ - INFO - Token value: 
2025-04-21 14:21:11,551 - __main__ - INFO - Weather in Berlin: 11.71
2025-04-21 16:28:20,231 - __main__ - INFO - Token value: 
2025-04-21 16:28:21,662 - __main__ - INFO - Weather in Berlin: 13.4
2025-04-21 18:30:36,097 - __main__ - INFO - Token value: 
2025-04-21 18:30:36,308 - __main__ - INFO - Weather in Berlin: 13.63
2025-04-21 20:24:31,801 - __main__ - INFO - Token value: 
2025-04-21 20:24:32,188 - __main__ - INFO - Weather in Berlin: 13.29
2025-04-21 22:22:01,809 - __main__ - INFO - Token value: 
2025-04-21 22:22:02,137 - __main__ - INFO - Weather in Berlin: 12.01
2025-04-22 01:51:00,734 - __main__ - INFO - Token value: 
2025-04-22 01:51:01,633 - __main__ - INFO - Weather in Berlin: 9.58
2025-04-22 03:05:20,413 - __main__ - INFO - Token value: 
2025-04-22 03:05:21,049 - __main__ - INFO - Weather in Berlin: 9.28
2025-04-22 04:26:48,199 - __main__ - INFO - Token value: 
2025-04-22 04:26:48,377 - __main__ - INFO - Weather in Berlin: 9.12
2025-04-22 06:32:29,039 - __main__ - INFO - Token value: 
2025-04-22 06:32:29,611 - __main__ - INFO - Weather in Berlin: 9.57
2025-04-22 08:30:28,888 - __main__ - INFO - Token value: 
2025-04-22 08:30:29,433 - __main__ - INFO - Weather in Berlin: 8.38
2025-04-22 10:24:36,980 - __main__ - INFO - Token value: 
2025-04-22 10:24:37,399 - __main__ - INFO - Weather in Berlin: 8.79
2025-04-22 12:46:30,660 - __main__ - INFO - Token value: 
2025-04-22 12:46:31,628 - __main__ - INFO - Weather in Berlin: 10.42
2025-04-22 14:22:30,572 - __main__ - INFO - Token value: 
2025-04-22 14:22:30,881 - __main__ - INFO - Weather in Berlin: 12.27
2025-04-22 16:28:46,870 - __main__ - INFO - Token value: 
2025-04-22 16:28:47,206 - __main__ - INFO - Weather in Berlin: 17.15
2025-04-22 18:31:51,937 - __main__ - INFO - Token value: 
2025-04-22 18:31:52,373 - __main__ - INFO - Weather in Berlin: 20.31
2025-04-22 20:25:31,259 - __main__ - INFO - Token value: 
2025-04-22 20:25:31,913 - __main__ - INFO - Weather in Berlin: 19.86
2025-04-22 22:21:42,037 - __main__ - INFO - Token value: 
2025-04-22 22:21:42,783 - __main__ - INFO - Weather in Berlin: 18.86
2025-04-23 01:51:13,005 - __main__ - INFO - Token value: 
2025-04-23 01:51:13,529 - __main__ - INFO - Weather in Berlin: 12.86
2025-04-23 03:06:28,636 - __main__ - INFO - Token value: 
2025-04-23 03:06:28,841 - __main__ - INFO - Weather in Berlin: 12.28
2025-04-23 04:27:27,866 - __main__ - INFO - Token value: 
2025-04-23 04:27:28,537 - __main__ - INFO - Weather in Berlin: 11.07
2025-04-23 06:32:27,034 - __main__ - INFO - Token value: 
2025-04-23 06:32:27,489 - __main__ - INFO - Weather in Berlin: 10.53
2025-04-23 08:30:25,518 - __main__ - INFO - Token value: 
2025-04-23 08:30:26,265 - __main__ - INFO - Weather in Berlin: 8.29
2025-04-23 10:26:20,160 - __main__ - INFO - Token value: 
2025-04-23 10:26:20,271 - __main__ - INFO - Weather in Berlin: 7.38
2025-04-23 12:47:35,970 - __main__ - INFO - Token value: 
2025-04-23 12:47:36,307 - __main__ - INFO - Weather in Berlin: 12.72
2025-04-23 14:23:35,623 - __main__ - INFO - Token value: 
2025-04-23 14:23:36,283 - __main__ - INFO - Weather in Berlin: 14.45
2025-04-23 16:29:37,140 - __main__ - INFO - Token value: 
2025-04-23 16:29:37,669 - __main__ - INFO - Weather in Berlin: 17.83
2025-04-23 18:33:22,221 - __main__ - INFO - Token value: 
2025-04-23 18:33:22,554 - __main__ - INFO - Weather in Berlin: 20.68
2025-04-23 20:25:29,519 - __main__ - INFO - Token value: 
2025-04-23 20:25:30,196 - __main__ - INFO - Weather in Berlin: 22.6
2025-04-23 22:22:13,100 - __main__ - INFO - Token value: 
2025-04-23 22:22:13,839 - __main__ - INFO - Weather in Berlin: 21.64
2025-04-24 01:51:57,955 - __main__ - INFO - Token value: 
2025-04-24 01:51:58,351 - __main__ - INFO - Weather in Berlin: 14.92
2025-04-24 03:08:15,544 - __main__ - INFO - Token value: 
2025-04-24 03:08:16,231 - __main__ - INFO - Weather in Berlin: 12.66
2025-04-24 04:26:53,576 - __main__ - INFO - Token value: 
2025-04-24 04:26:53,808 - __main__ - INFO - Weather in Berlin: 11.28
2025-04-24 06:33:08,306 - __main__ - INFO - Token value: 
2025-04-24 06:33:08,925 - __main__ - INFO - Weather in Berlin: 10.78
2025-04-24 08:30:31,614 - __main__ - INFO - Token value: 
2025-04-24 08:30:32,157 - __main__ - INFO - Weather in Berlin: 9.13
2025-04-24 10:25:07,947 - __main__ - INFO - Token value: 
2025-04-24 10:25:08,683 - __main__ - INFO - Weather in Berlin: 7.51
2025-04-24 12:48:32,740 - __main__ - INFO - Token value: 
2025-04-24 12:48:32,926 - __main__ - INFO - Weather in Berlin: 13.26
2025-04-24 14:21:36,681 - __main__ - INFO - Token value: 
2025-04-24 14:21:37,414 - __main__ - INFO - Weather in Berlin: 15.75
2025-04-24 16:29:15,135 - __main__ - INFO - Token value: 
2025-04-24 16:29:15,702 - __main__ - INFO - Weather in Berlin: 18.54
2025-04-24 18:31:16,135 - __main__ - INFO - Token value: 
2025-04-24 18:31:16,444 - __main__ - INFO - Weather in Berlin: 20.29
2025-04-24 20:25:18,055 - __main__ - INFO - Token value: 
2025-04-24 20:25:18,678 - __main__ - INFO - Weather in Berlin: 19.91
2025-04-24 22:22:58,961 - __main__ - INFO - Token value: 
2025-04-24 22:22:59,779 - __main__ - INFO - Weather in Berlin: 20.24
2025-04-25 01:52:32,085 - __main__ - INFO - Token value: 
2025-04-25 01:52:32,416 - __main__ - INFO - Weather in Berlin: 16.54
2025-04-25 03:08:06,217 - __main__ - INFO - Token value: 
2025-04-25 03:08:07,284 - __main__ - INFO - Weather in Berlin: 15.34
2025-04-25 04:27:11,148 - __main__ - INFO - Token value: 
2025-04-25 04:27:11,746 - __main__ - INFO - Weather in Berlin: 14.26
2025-04-25 06:32:38,891 - __main__ - INFO - Token value: 
2025-04-25 06:32:39,395 - __main__ - INFO - Weather in Berlin: 13.08
2025-04-25 08:30:02,508 - __main__ - INFO - Token value: 
2025-04-25 08:30:02,793 - __main__ - INFO - Weather in Berlin: 12.79
2025-04-25 10:24:17,970 - __main__ - INFO - Token value: 
2025-04-25 10:24:18,136 - __main__ - INFO - Weather in Berlin: 13.05
2025-04-25 12:46:56,304 - __main__ - INFO - Token value: 
2025-04-25 12:46:56,456 - __main__ - INFO - Weather in Berlin: 15.33
2025-04-25 14:21:16,617 - __main__ - INFO - Token value: 
2025-04-25 14:21:16,926 - __main__ - INFO - Weather in Berlin: 17.54
2025-04-25 16:28:19,213 - __main__ - INFO - Token value: 
2025-04-25 16:28:19,411 - __main__ - INFO - Weather in Berlin: 20.35
2025-04-25 18:31:04,939 - __main__ - INFO - Token value: 
2025-04-25 18:31:06,184 - __main__ - INFO - Weather in Berlin: 22.2
2025-04-25 20:24:46,511 - __main__ - INFO - Token value: 
2025-04-25 20:24:46,909 - __main__ - INFO - Weather in Berlin: 19.12
2025-04-25 22:23:01,024 - __main__ - INFO - Token value: 
2025-04-25 22:23:01,431 - __main__ - INFO - Weather in Berlin: 16.61
2025-04-26 01:48:14,833 - __main__ - INFO - Token value: 
2025-04-26 01:48:15,329 - __main__ - INFO - Weather in Berlin: 13.45
2025-04-26 03:01:53,843 - __main__ - INFO - Token value: 
2025-04-26 03:01:54,239 - __main__ - INFO - Weather in Berlin: 14.78
2025-04-26 04:26:22,235 - __main__ - INFO - Token value: 
2025-04-26 04:26:22,637 - __main__ - INFO - Weather in Berlin: 16.03
2025-04-26 06:29:37,924 - __main__ - INFO - Token value: 
2025-04-26 06:29:38,102 - __main__ - INFO - Weather in Berlin: 15.62
2025-04-26 08:26:45,960 - __main__ - INFO - Token value: 
2025-04-26 08:26:47,027 - __main__ - INFO - Weather in Berlin: 15.59
2025-04-26 10:21:47,658 - __main__ - INFO - Token value: 
2025-04-26 10:21:48,127 - __main__ - INFO - Weather in Berlin: 15.61
2025-04-26 12:40:42,094 - __main__ - INFO - Token value: 
2025-04-26 12:40:42,616 - __main__ - INFO - Weather in Berlin: 15.37
2025-04-26 14:18:54,752 - __main__ - INFO - Token value: 
2025-04-26 14:18:55,466 - __main__ - INFO - Weather in Berlin: 15.65
2025-04-26 16:26:11,599 - __main__ - INFO - Token value: 
2025-04-26 16:26:12,213 - __main__ - INFO - Weather in Berlin: 16.76
2025-04-26 18:28:14,467 - __main__ - INFO - Token value: 
2025-04-26 18:28:15,096 - __main__ - INFO - Weather in Berlin: 16.42
2025-04-26 20:22:25,614 - __main__ - INFO - Token value: 
2025-04-26 20:22:26,247 - __main__ - INFO - Weather in Berlin: 16.72
2025-04-26 22:20:02,438 - __main__ - INFO - Token value: 
2025-04-26 22:20:03,295 - __main__ - INFO - Weather in Berlin: 16.33
2025-04-27 01:57:13,625 - __main__ - INFO - Token value: 
2025-04-27 01:57:14,304 - __main__ - INFO - Weather in Berlin: 15.65
2025-04-27 03:11:54,535 - __main__ - INFO - Token value: 
2025-04-27 03:11:55,173 - __main__ - INFO - Weather in Berlin: 13.57
2025-04-27 04:26:01,368 - __main__ - INFO - Token value: 
2025-04-27 04:26:02,303 - __main__ - INFO - Weather in Berlin: 12.19
2025-04-27 06:30:10,071 - __main__ - INFO - Token value: 
2025-04-27 06:30:10,583 - __main__ - INFO - Weather in Berlin: 9.91
2025-04-27 08:26:24,407 - __main__ - INFO - Token value: 
2025-04-27 08:26:25,870 - __main__ - INFO - Weather in Berlin: 8.49
2025-04-27 10:23:08,571 - __main__ - INFO - Token value: 
2025-04-27 10:23:09,389 - __main__ - INFO - Weather in Berlin: 7.42
2025-04-27 12:41:07,942 - __main__ - INFO - Token value: 
2025-04-27 12:41:08,471 - __main__ - INFO - Weather in Berlin: 9.11
2025-04-27 14:18:50,943 - __main__ - INFO - Token value: 
2025-04-27 14:18:51,580 - __main__ - INFO - Weather in Berlin: 9.22
2025-04-27 16:26:06,387 - __main__ - INFO - Token value: 
2025-04-27 16:26:06,538 - __main__ - INFO - Weather in Berlin: 11.29
2025-04-27 18:28:49,598 - __main__ - INFO - Token value: 
2025-04-27 18:28:49,729 - __main__ - INFO - Weather in Berlin: 12.99
2025-04-27 20:23:24,625 - __main__ - INFO - Token value: 
2025-04-27 20:23:24,792 - __main__ - INFO - Weather in Berlin: 12.94
2025-04-27 22:20:29,830 - __main__ - INFO - Token value: 
2025-04-27 22:20:30,300 - __main__ - INFO - Weather in Berlin: 9.97
2025-04-28 01:55:25,936 - __main__ - INFO - Token value: 
2025-04-28 01:55:26,355 - __main__ - INFO - Weather in Berlin: 9.42
2025-04-28 03:12:53,739 - __main__ - INFO - Token value: 
2025-04-28 03:12:54,489 - __main__ - INFO - Weather in Berlin: 10.48
2025-04-28 04:28:15,275 - __main__ - INFO - Token value: 
2025-04-28 04:28:16,714 - __main__ - INFO - Weather in Berlin: 10.43
2025-04-28 06:39:33,767 - __main__ - INFO - Token value: 
2025-04-28 06:39:33,937 - __main__ - INFO - Weather in Berlin: 8.6
2025-04-28 09:17:56,625 - __main__ - INFO - Token value: 
2025-04-28 09:17:57,271 - __main__ - INFO - Weather in Berlin: 8.79
2025-04-28 11:08:06,676 - __main__ - INFO - Token value: 
2025-04-28 11:08:06,880 - __main__ - INFO - Weather in Berlin: 10.63
2025-04-28 12:55:59,755 - __main__ - INFO - Token value: 
2025-04-28 12:56:00,514 - __main__ - INFO - Weather in Berlin: 15.68
2025-04-28 14:25:56,912 - __main__ - INFO - Token value: 
2025-04-28 14:25:57,671 - __main__ - INFO - Weather in Berlin: 18.93
2025-04-28 16:28:12,834 - __main__ - INFO - Token value: 
2025-04-28 16:28:13,002 - __main__ - INFO - Weather in Berlin: 21.43
2025-04-28 18:32:24,160 - __main__ - INFO - Token value: 
2025-04-28 18:32:25,045 - __main__ - INFO - Weather in Berlin: 22.81
2025-04-28 20:23:18,968 - __main__ - INFO - Token value: 
2025-04-28 20:23:19,631 - __main__ - INFO - Weather in Berlin: 23.26
2025-04-28 22:22:16,808 - __main__ - INFO - Token value: 
2025-04-28 22:22:17,014 - __main__ - INFO - Weather in Berlin: 22.73
2025-04-29 01:53:08,691 - __main__ - INFO - Token value: 
2025-04-29 01:53:08,987 - __main__ - INFO - Weather in Berlin: 15.84
2025-04-29 03:08:26,820 - __main__ - INFO - Token value: 
2025-04-29 03:08:27,488 - __main__ - INFO - Weather in Berlin: 14.43
2025-04-29 04:26:24,219 - __main__ - INFO - Token value: 
2025-04-29 04:26:24,592 - __main__ - INFO - Weather in Berlin: 12.7
2025-04-29 06:33:24,005 - __main__ - INFO - Token value: 
2025-04-29 06:33:24,798 - __main__ - INFO - Weather in Berlin: 11.92
2025-04-29 08:32:04,891 - __main__ - INFO - Token value: 
2025-04-29 08:32:05,496 - __main__ - INFO - Weather in Berlin: 11.13
2025-04-29 10:25:58,693 - __main__ - INFO - Token value: 
2025-04-29 10:25:59,447 - __main__ - INFO - Weather in Berlin: 10.86
2025-04-29 12:50:30,898 - __main__ - INFO - Token value: 
2025-04-29 12:50:31,552 - __main__ - INFO - Weather in Berlin: 17.35
2025-04-29 14:23:36,182 - __main__ - INFO - Token value: 
2025-04-29 14:23:36,816 - __main__ - INFO - Weather in Berlin: 21.97
2025-04-29 16:28:48,805 - __main__ - INFO - Token value: 
2025-04-29 16:28:49,304 - __main__ - INFO - Weather in Berlin: 24.84
2025-04-29 18:30:58,152 - __main__ - INFO - Token value: 
2025-04-29 18:30:58,994 - __main__ - INFO - Weather in Berlin: 26.49
2025-04-29 20:25:57,263 - __main__ - INFO - Token value: 
2025-04-29 20:25:58,000 - __main__ - INFO - Weather in Berlin: 25.9
2025-04-29 22:21:35,165 - __main__ - INFO - Token value: 
2025-04-29 22:21:35,438 - __main__ - INFO - Weather in Berlin: 22.86
2025-04-30 01:52:40,314 - __main__ - INFO - Token value: 
2025-04-30 01:52:40,537 - __main__ - INFO - Weather in Berlin: 18.62
2025-04-30 03:08:20,663 - __main__ - INFO - Token value: 
2025-04-30 03:08:21,316 - __main__ - INFO - Weather in Berlin: 18.33
2025-04-30 04:27:22,937 - __main__ - INFO - Token value: 
2025-04-30 04:27:23,177 - __main__ - INFO - Weather in Berlin: 18.3
2025-04-30 06:33:03,896 - __main__ - INFO - Token value: 
2025-04-30 06:33:04,664 - __main__ - INFO - Weather in Berlin: 17.97
2025-04-30 08:30:56,143 - __main__ - INFO - Token value: 
2025-04-30 08:30:56,802 - __main__ - INFO - Weather in Berlin: 17.96
2025-04-30 10:24:56,567 - __main__ - INFO - Token value: 
2025-04-30 10:24:57,044 - __main__ - INFO - Weather in Berlin: 17.76
2025-04-30 12:46:06,089 - __main__ - INFO - Token value: 
2025-04-30 12:46:06,918 - __main__ - INFO - Weather in Berlin: 17.31
2025-04-30 14:22:07,341 - __main__ - INFO - Token value: 
2025-04-30 14:22:07,716 - __main__ - INFO - Weather in Berlin: 18.13
2025-04-30 16:28:53,919 - __main__ - INFO - Token value: 
2025-04-30 16:28:54,634 - __main__ - INFO - Weather in Berlin: 20.49
2025-04-30 18:32:04,536 - __main__ - INFO - Token value: 
2025-04-30 18:32:05,194 - __main__ - INFO - Weather in Berlin: 21.68
2025-04-30 20:25:12,738 - __main__ - INFO - Token value: 
2025-04-30 20:25:12,941 - __main__ - INFO - Weather in Berlin: 21.83
2025-04-30 22:21:55,872 - __main__ - INFO - Token value: 
2025-04-30 22:21:56,191 - __main__ - INFO - Weather in Berlin: 20.65
2025-05-01 02:01:38,320 - __main__ - INFO - Token value: 
2025-05-01 02:01:38,738 - __main__ - INFO - Weather in Berlin: 14.69
2025-05-01 04:28:44,363 - __main__ - INFO - Token value: 
2025-05-01 04:28:44,800 - __main__ - INFO - Weather in Berlin: 12.16
2025-05-01 06:33:21,029 - __main__ - INFO - Token value: 
2025-05-01 06:33:21,382 - __main__ - INFO - Weather in Berlin: 9.58
2025-05-01 08:29:45,865 - __main__ - INFO - Token value: 
2025-05-01 08:29:46,535 - __main__ - INFO - Weather in Berlin: 8.28
2025-05-01 10:25:09,431 - __main__ - INFO - Token value: 
2025-05-01 10:25:10,352 - __main__ - INFO - Weather in Berlin: 6.51
2025-05-01 12:45:14,433 - __main__ - INFO - Token value: 
2025-05-01 12:45:15,162 - __main__ - INFO - Weather in Berlin: 11.77
2025-05-01 14:20:51,648 - __main__ - INFO - Token value: 
2025-05-01 14:20:52,204 - __main__ - INFO - Weather in Berlin: 13.36
2025-05-01 16:28:48,177 - __main__ - INFO - Token value: 
2025-05-01 16:28:49,440 - __main__ - INFO - Weather in Berlin: 16.11
2025-05-01 18:31:49,545 - __main__ - INFO - Token value: 
2025-05-01 18:31:50,255 - __main__ - INFO - Weather in Berlin: 16.84
2025-05-01 20:23:37,240 - __main__ - INFO - Token value: 
2025-05-01 20:23:38,071 - __main__ - INFO - Weather in Berlin: 16.25
2025-05-01 22:21:46,349 - __main__ - INFO - Token value: 
2025-05-01 22:21:46,554 - __main__ - INFO - Weather in Berlin: 15.02
2025-05-02 01:53:24,920 - __main__ - INFO - Token value: 
2025-05-02 01:53:25,684 - __main__ - INFO - Weather in Berlin: 12.95
2025-05-02 03:10:17,045 - __main__ - INFO - Token value: 
2025-05-02 03:10:17,524 - __main__ - INFO - Weather in Berlin: 11.73
2025-05-02 04:26:58,741 - __main__ - INFO - Token value: 
2025-05-02 04:26:58,925 - __main__ - INFO - Weather in Berlin: 11.49
2025-05-02 06:32:39,066 - __main__ - INFO - Token value: 
2025-05-02 06:32:39,700 - __main__ - INFO - Weather in Berlin: 11.25
2025-05-02 08:30:06,195 - __main__ - INFO - Token value: 
2025-05-02 08:30:06,527 - __main__ - INFO - Weather in Berlin: 11.56
2025-05-02 10:24:34,145 - __main__ - INFO - Token value: 
2025-05-02 10:24:34,693 - __main__ - INFO - Weather in Berlin: 10.62
2025-05-02 12:45:45,283 - __main__ - INFO - Token value: 
2025-05-02 12:45:45,484 - __main__ - INFO - Weather in Berlin: 11.8
2025-05-02 14:21:34,017 - __main__ - INFO - Token value: 
2025-05-02 14:21:34,170 - __main__ - INFO - Weather in Berlin: 14.3
2025-05-02 16:28:45,528 - __main__ - INFO - Token value: 
2025-05-02 16:28:46,210 - __main__ - INFO - Weather in Berlin: 16.56
2025-05-02 18:31:29,506 - __main__ - INFO - Token value: 
2025-05-02 18:31:29,893 - __main__ - INFO - Weather in Berlin: 22.86
2025-05-02 20:25:23,114 - __main__ - INFO - Token value: 
2025-05-02 20:25:23,791 - __main__ - INFO - Weather in Berlin: 24.94
2025-05-02 22:22:09,267 - __main__ - INFO - Token value: 
2025-05-02 22:22:10,015 - __main__ - INFO - Weather in Berlin: 23.97
2025-05-03 01:50:38,503 - __main__ - INFO - Token value: 
2025-05-03 01:50:39,167 - __main__ - INFO - Weather in Berlin: 18.33
2025-05-03 03:06:23,841 - __main__ - INFO - Token value: 
2025-05-03 03:06:24,895 - __main__ - INFO - Weather in Berlin: 18.44
2025-05-03 04:26:22,789 - __main__ - INFO - Token value: 
2025-05-03 04:26:23,091 - __main__ - INFO - Weather in Berlin: 17.43
2025-05-03 06:30:11,583 - __main__ - INFO - Token value: 
2025-05-03 06:30:12,224 - __main__ - INFO - Weather in Berlin: 15.69
2025-05-03 08:26:46,276 - __main__ - INFO - Token value: 
2025-05-03 08:26:47,013 - __main__ - INFO - Weather in Berlin: 14.94
2025-05-03 10:22:10,503 - __main__ - INFO - Token value: 
2025-05-03 10:22:10,857 - __main__ - INFO - Weather in Berlin: 14.37
2025-05-03 12:41:54,774 - __main__ - INFO - Token value: 
2025-05-03 12:41:55,529 - __main__ - INFO - Weather in Berlin: 18.65
2025-05-03 14:19:31,725 - __main__ - INFO - Token value: 
2025-05-03 14:19:32,078 - __main__ - INFO - Weather in Berlin: 23.72
2025-05-03 16:26:25,329 - __main__ - INFO - Token value: 
2025-05-03 16:26:25,510 - __main__ - INFO - Weather in Berlin: 27.89
2025-05-03 18:29:19,756 - __main__ - INFO - Token value: 
2025-05-03 18:29:20,334 - __main__ - INFO - Weather in Berlin: 29.36
2025-05-03 20:23:09,008 - __main__ - INFO - Token value: 
2025-05-03 20:23:09,489 - __main__ - INFO - Weather in Berlin: 28.28
2025-05-03 22:20:43,058 - __main__ - INFO - Token value: 
2025-05-03 22:20:43,797 - __main__ - INFO - Weather in Berlin: 23.25
2025-05-04 02:02:37,257 - __main__ - INFO - Token value: 
2025-05-04 02:02:37,998 - __main__ - INFO - Weather in Berlin: 18.35
2025-05-04 04:27:21,764 - __main__ - INFO - Token value: 
2025-05-04 04:27:22,394 - __main__ - INFO - Weather in Berlin: 17.4
2025-05-04 06:30:50,493 - __main__ - INFO - Token value: 
2025-05-04 06:30:52,322 - __main__ - INFO - Weather in Berlin: 16.39
2025-05-04 08:27:02,791 - __main__ - INFO - Token value: 
2025-05-04 08:27:03,105 - __main__ - INFO - Weather in Berlin: 16.09
2025-05-04 10:22:25,523 - __main__ - INFO - Token value: 
2025-05-04 10:22:25,949 - __main__ - INFO - Weather in Berlin: 15.59
2025-05-04 12:42:17,081 - __main__ - INFO - Token value: 
2025-05-04 12:42:17,632 - __main__ - INFO - Weather in Berlin: 18.5
2025-05-04 14:19:23,660 - __main__ - INFO - Token value: 
2025-05-04 14:19:24,148 - __main__ - INFO - Weather in Berlin: 21.25
2025-05-04 16:26:33,913 - __main__ - INFO - Token value: 
2025-05-04 16:26:34,575 - __main__ - INFO - Weather in Berlin: 23.39
2025-05-04 18:29:38,499 - __main__ - INFO - Token value: 
2025-05-04 18:29:39,651 - __main__ - INFO - Weather in Berlin: 22.91
2025-05-04 20:23:37,011 - __main__ - INFO - Token value: 
2025-05-04 20:23:37,954 - __main__ - INFO - Weather in Berlin: 16.41
2025-05-04 22:20:56,074 - __main__ - INFO - Token value: 
2025-05-04 22:20:56,508 - __main__ - INFO - Weather in Berlin: 14.66
2025-05-05 01:57:25,774 - __main__ - INFO - Token value: 
2025-05-05 01:57:26,485 - __main__ - INFO - Weather in Berlin: 12.95
2025-05-05 03:15:57,180 - __main__ - INFO - Token value: 
2025-05-05 03:15:57,634 - __main__ - INFO - Weather in Berlin: 12.78
2025-05-05 04:28:19,318 - __main__ - INFO - Token value: 
2025-05-05 04:28:20,053 - __main__ - INFO - Weather in Berlin: 12.67
2025-05-05 06:34:02,351 - __main__ - INFO - Token value: 
2025-05-05 06:34:02,686 - __main__ - INFO - Weather in Berlin: 12.04
2025-05-05 08:32:21,896 - __main__ - INFO - Token value: 
2025-05-05 08:32:23,186 - __main__ - INFO - Weather in Berlin: 11.5
2025-05-05 10:25:48,046 - __main__ - INFO - Token value: 
2025-05-05 10:25:48,801 - __main__ - INFO - Weather in Berlin: 11.82
2025-05-05 12:48:28,741 - __main__ - INFO - Token value: 
2025-05-05 12:48:28,914 - __main__ - INFO - Weather in Berlin: 11.26
2025-05-05 14:24:05,780 - __main__ - INFO - Token value: 
2025-05-05 14:24:07,072 - __main__ - INFO - Weather in Berlin: 11.12
2025-05-05 16:29:55,991 - __main__ - INFO - Token value: 
2025-05-05 16:29:56,508 - __main__ - INFO - Weather in Berlin: 11.26
2025-05-05 18:28:54,781 - __main__ - INFO - Token value: 
2025-05-05 18:28:55,547 - __main__ - INFO - Weather in Berlin: 10.51
2025-05-05 20:25:38,051 - __main__ - INFO - Token value: 
2025-05-05 20:25:39,157 - __main__ - INFO - Weather in Berlin: 10.06
2025-05-05 22:23:14,429 - __main__ - INFO - Token value: 
2025-05-05 22:23:14,845 - __main__ - INFO - Weather in Berlin: 9.64
2025-05-06 01:54:21,300 - __main__ - INFO - Token value: 
2025-05-06 01:54:21,678 - __main__ - INFO - Weather in Berlin: 9.9
2025-05-06 03:11:03,175 - __main__ - INFO - Token value: 
2025-05-06 03:11:04,036 - __main__ - INFO - Weather in Berlin: 10.31
2025-05-06 04:27:42,083 - __main__ - INFO - Token value: 
2025-05-06 04:27:42,707 - __main__ - INFO - Weather in Berlin: 10.27
2025-05-06 06:32:59,959 - __main__ - INFO - Token value: 
2025-05-06 06:33:00,508 - __main__ - INFO - Weather in Berlin: 10.26
2025-05-06 08:31:16,670 - __main__ - INFO - Token value: 
2025-05-06 08:31:17,525 - __main__ - INFO - Weather in Berlin: 10.34
2025-05-06 10:25:17,486 - __main__ - INFO - Token value: 
2025-05-06 10:25:18,215 - __main__ - INFO - Weather in Berlin: 11.04
2025-05-06 12:49:50,623 - __main__ - INFO - Token value: 
2025-05-06 12:49:50,938 - __main__ - INFO - Weather in Berlin: 11.8
2025-05-06 14:23:23,723 - __main__ - INFO - Token value: 
2025-05-06 14:23:24,521 - __main__ - INFO - Weather in Berlin: 12.94
2025-05-06 16:28:31,627 - __main__ - INFO - Token value: 
2025-05-06 16:28:32,393 - __main__ - INFO - Weather in Berlin: 14.22
2025-05-06 18:31:56,347 - __main__ - INFO - Token value: 
2025-05-06 18:31:57,186 - __main__ - INFO - Weather in Berlin: 13.48
2025-05-06 20:25:58,671 - __main__ - INFO - Token value: 
2025-05-06 20:25:59,351 - __main__ - INFO - Weather in Berlin: 13.94
2025-05-06 22:22:09,974 - __main__ - INFO - Token value: 
2025-05-06 22:22:10,319 - __main__ - INFO - Weather in Berlin: 14.18
2025-05-07 01:54:50,242 - __main__ - INFO - Token value: 
2025-05-07 01:54:51,178 - __main__ - INFO - Weather in Berlin: 14.47
2025-05-07 03:12:25,244 - __main__ - INFO - Token value: 
2025-05-07 03:12:25,443 - __main__ - INFO - Weather in Berlin: 15.24
2025-05-07 04:27:45,900 - __main__ - INFO - Token value: 
2025-05-07 04:27:46,213 - __main__ - INFO - Weather in Berlin: 15.46
2025-05-07 06:33:25,557 - __main__ - INFO - Token value: 
2025-05-07 06:33:25,904 - __main__ - INFO - Weather in Berlin: 15.46
2025-05-07 08:32:01,299 - __main__ - INFO - Token value: 
2025-05-07 08:32:01,801 - __main__ - INFO - Weather in Berlin: 14.46
2025-05-07 10:25:54,330 - __main__ - INFO - Token value: 
2025-05-07 10:25:54,591 - __main__ - INFO - Weather in Berlin: 13.55
2025-05-07 12:50:21,133 - __main__ - INFO - Token value: 
2025-05-07 12:50:21,895 - __main__ - INFO - Weather in Berlin: 14.73
2025-05-07 14:24:04,955 - __main__ - INFO - Token value: 
2025-05-07 14:24:05,139 - __main__ - INFO - Weather in Berlin: 17.35
2025-05-07 16:30:33,596 - __main__ - INFO - Token value: 
2025-05-07 16:30:33,750 - __main__ - INFO - Weather in Berlin: 21.39
2025-05-07 18:31:29,623 - __main__ - INFO - Token value: 
2025-05-07 18:31:29,928 - __main__ - INFO - Weather in Berlin: 20.57
2025-05-07 20:26:39,045 - __main__ - INFO - Token value: 
2025-05-07 20:26:39,773 - __main__ - INFO - Weather in Berlin: 23.0
2025-05-07 22:22:38,264 - __main__ - INFO - Token value: 
2025-05-07 22:22:38,897 - __main__ - INFO - Weather in Berlin: 20.72
2025-05-08 01:55:36,048 - __main__ - INFO - Token value: 
2025-05-08 01:55:36,808 - __main__ - INFO - Weather in Berlin: 17.19
